<?xml version="1.0" encoding="UTF-8"?>
<!-- Generated by org.testng.reporters.JUnitReportReporter -->
<testsuite hostname="sravs" failures="0" tests="1" name="test.PrepaidRecharge" time="9.670" errors="0" timestamp="2023-11-14T17:13:47 IST" skipped="0">
  <testcase classname="test.PrepaidRecharge" name="WorldCupPlanRecharge" time="9.670"/>
</testsuite> <!-- test.PrepaidRecharge -->
