<?xml version="1.0" encoding="UTF-8"?>
<!-- Generated by org.testng.reporters.JUnitReportReporter -->
<testsuite hostname="sravs" failures="0" tests="1" name="tests.PrepaidRecharge" time="5.920" errors="0" timestamp="2023-12-03T13:20:28 IST" skipped="0">
  <testcase classname="tests.PrepaidRecharge" name="WorldCupPlanRecharge" time="5.920"/>
</testsuite> <!-- tests.PrepaidRecharge -->
